Línea 124: la clase WMPLibCtl.WindowsMediaPlayer del control wmp1 no era una clase de control cargada.
Línea 131: el nombre de la propiedad URL de wmp1 no es válido.
Línea 132: el nombre de la propiedad rate de wmp1 no es válido.
Línea 133: el nombre de la propiedad balance de wmp1 no es válido.
Línea 134: el nombre de la propiedad currentPosition de wmp1 no es válido.
Línea 135: el nombre de la propiedad defaultFrame de wmp1 no es válido.
Línea 136: el nombre de la propiedad playCount de wmp1 no es válido.
Línea 137: el nombre de la propiedad autoStart de wmp1 no es válido.
Línea 138: el nombre de la propiedad currentMarker de wmp1 no es válido.
Línea 139: el nombre de la propiedad invokeURLs de wmp1 no es válido.
Línea 140: el nombre de la propiedad baseURL de wmp1 no es válido.
Línea 141: el nombre de la propiedad volume de wmp1 no es válido.
Línea 142: el nombre de la propiedad mute de wmp1 no es válido.
Línea 143: el nombre de la propiedad uiMode de wmp1 no es válido.
Línea 144: el nombre de la propiedad stretchToFit de wmp1 no es válido.
Línea 145: el nombre de la propiedad windowlessVideo de wmp1 no es válido.
Línea 147: el nombre de la propiedad enableContextMenu de wmp1 no es válido.
Línea 148: el nombre de la propiedad fullScreen de wmp1 no es válido.
Línea 149: el nombre de la propiedad SAMIStyle de wmp1 no es válido.
Línea 150: el nombre de la propiedad SAMILang de wmp1 no es válido.
Línea 151: el nombre de la propiedad SAMIFilename de wmp1 no es válido.
Línea 152: el nombre de la propiedad captioningID de wmp1 no es válido.
Línea 153: el nombre de la propiedad enableErrorDialogs de wmp1 no es válido.
Línea 154: el nombre de la propiedad _cx de wmp1 no es válido.
Línea 155: el nombre de la propiedad _cy de wmp1 no es válido.
